Arguments: 
  C:\Program Files\nodejs\node.exe C:\Program Files (x86)\Yarn\bin\yarn.js add react-native-keychain

PATH: 
  C:\ProgramData\DockerDesktop\version-bin;C:\Program Files\Docker\Docker\Resources\bin;C:\Windows\system32;C:\Windows;C:\Windows\System32\Wbem;C:\Windows\System32\WindowsPowerShell\v1.0\;C:\Windows\System32\OpenSSH\;C:\Program Files\nodejs\;C:\Program Files (x86)\NVIDIA Corporation\PhysX\Common;C:\Program Files\Microsoft VS Code\bin;C:\WINDOWS\system32;C:\WINDOWS;C:\WINDOWS\System32\Wbem;C:\WINDOWS\System32\WindowsPowerShell\v1.0\;C:\WINDOWS\System32\OpenSSH\;C:\Program Files\NVIDIA Corporation\NVIDIA NvDLISR;C:\Go\bin;C:\WINDOWS\system32;C:\WINDOWS;C:\WINDOWS\System32\Wbem;C:\WINDOWS\System32\WindowsPowerShell\v1.0\;C:\WINDOWS\System32\OpenSSH\;C:\Program Files\Git\cmd;C:\Program Files (x86)\Yarn\bin\;C:\Users\rodew\AppData\Local\Programs\Python\Python37-32\Scripts\;C:\Users\rodew\AppData\Local\Programs\Python\Python37-32\;C:\Users\rodew\AppData\Local\Microsoft\WindowsApps;;C:\Program Files\Microsoft VS Code\bin;C:\Users\rodew\AppData\Roaming\npm;C:\Users\rodew\go\bin;C:\Users\rodew\AppData\Local\Yarn\bin

Yarn version: 
  1.19.2

Node version: 
  8.11.2

Platform: 
  win32 x64

Trace: 
  Error: EPERM: operation not permitted, unlink 'D:\Belpost\node_modules\string-width\node_modules\strip-ansi'

npm manifest: 
  {
    "name": "belpost",
    "version": "4.0.0",
    "author": {
      "email": "rodewitsch@inbox.ru",
      "name": "Rodevich Dmitry",
      "url": "https://vk.com/rodewitsch"
    },
    "scripts": {
      "start": "react-native start",
      "android": "react-native run-android",
      "ios": "react-native run-ios",
      "web": "expo start --web",
      "test": "jest --watchAll",
      "postinstall": "jetify"
    },
    "jest": {
      "preset": "jest-expo"
    },
    "dependencies": {
      "expo": "^35.0.0",
      "react": "16.8.3",
      "react-dom": "16.8.3",
      "react-native": "0.59.10",
      "react-native-gesture-handler": "~1.3.0",
      "react-native-reanimated": "~1.3.0",
      "react-native-screens": "1.0.0-alpha.23",
      "react-native-unimodules": "0.6.0",
      "react-native-web": "^0.11.7",
      "@expo/samples": "~3.0.3",
      "@expo/vector-icons": "^10.0.3",
      "@react-navigation/web": "^1.0.0-alpha.9",
      "axios": "^0.19.0",
      "cross-fetch": "^3.0.4",
      "expo-asset": "^7.0.0",
      "expo-constants": "^7.0.0",
      "expo-font": "^7.0.0",
      "expo-web-browser": "^7.0.0",
      "fast-html-parser": "^1.0.1",
      "moment": "^2.24.0",
      "react-native-simple-radio-button": "^2.7.4",
      "react-navigation": "^3.12.0",
      "react-redux": "^7.1.1",
      "redux": "^4.0.4",
      "redux-axios-middleware": "^4.0.1",
      "redux-thunk": "^2.3.0",
      "search-params": "^2.1.3",
      "url-search-params-polyfill": "^7.0.0",
      "util": "^0.12.1",
      "ws": ">=3.3.1",
      "braces": ">=2.3.1",
      "mem": ">=4.0.0"
    },
    "devDependencies": {
      "@babel/core": "^7.6.0",
      "babel-jest": "24.9.0",
      "jest": "24.9.0",
      "jetifier": "^1.6.4",
      "metro-react-native-babel-preset": "0.56.0",
      "react-test-renderer": "16.9.0",
      "babel-preset-expo": "^7.0.0",
      "jest-expo": "^35.0.0"
    }
  }

yarn manifest: 
  No manifest

Lockfile: 
  No lockfile
